time="2023-08-26T13:24:22+03:00" level=info msg="create router" func="main.main()" file="app.go:22"
time="2023-08-26T13:24:22+03:00" level=info msg="create handler" func="main.main()" file="app.go:25"
time="2023-08-26T13:24:22+03:00" level=info msg=start func="main.main()" file="app.go:29"
time="2023-08-26T13:27:06+03:00" level=info msg="create router" func="main.main()" file="app.go:22"
time="2023-08-26T13:27:06+03:00" level=info msg="create handler" func="main.main()" file="app.go:25"
time="2023-08-26T13:27:06+03:00" level=info msg=start func="main.main()" file="app.go:29"
time="2023-08-26T13:28:49+03:00" level=info msg="create router" func="main.main()" file="app.go:21"
time="2023-08-26T13:28:49+03:00" level=info msg="create handler" func="main.main()" file="app.go:24"
time="2023-08-26T13:28:49+03:00" level=info msg=start func="main.main()" file="app.go:28"
time="2023-08-26T17:23:29+03:00" level=info msg="create router" func="main.main()" file="app.go:25"
time="2023-08-26T17:23:29+03:00" level=info msg="read application configuration" func="rest-api-learning/internal/config.GetConfig.func1()" file="config.go:27"
time="2023-08-26T17:23:29+03:00" level=info func="rest-api-learning/internal/config.GetConfig.func1()" file="config.go:31"
time="2023-08-26T17:23:29+03:00" level=fatal msg="open config.yaml: The system cannot find the file specified." func="rest-api-learning/internal/config.GetConfig.func1()" file="config.go:32"
time="2023-08-26T17:26:12+03:00" level=info msg="create router" func="main.main()" file="app.go:25"
time="2023-08-26T17:26:12+03:00" level=info msg="read application configuration" func="rest-api-learning/internal/config.GetConfig.func1()" file="config.go:27"
time="2023-08-26T17:26:12+03:00" level=info func="rest-api-learning/internal/config.GetConfig.func1()" file="config.go:31"
time="2023-08-26T17:26:12+03:00" level=fatal msg="open config.yaml: The system cannot find the file specified." func="rest-api-learning/internal/config.GetConfig.func1()" file="config.go:32"
time="2023-08-26T17:27:28+03:00" level=info msg="create router" func="main.main()" file="app.go:25"
time="2023-08-26T17:27:28+03:00" level=info msg="read application configuration" func="rest-api-learning/internal/config.GetConfig.func1()" file="config.go:27"
time="2023-08-26T17:27:28+03:00" level=info msg="create handler" func="main.main()" file="app.go:30"
time="2023-08-26T17:27:28+03:00" level=info msg=start func="main.main()" file="app.go:34"
time="2023-08-26T17:27:28+03:00" level=info msg="listen tcp socket" func="main.start()" file="app.go:58"
time="2023-08-26T17:27:28+03:00" level=info msg="server is listening port 0.0.0.0:10000" func="main.start()" file="app.go:70"
time="2023-08-26T17:30:11+03:00" level=info msg="create router" func="main.main()" file="app.go:25"
time="2023-08-26T17:30:11+03:00" level=info msg="read application configuration" func="rest-api-learning/internal/config.GetConfig.func1()" file="config.go:27"
time="2023-08-26T17:30:11+03:00" level=info msg="create handler" func="main.main()" file="app.go:30"
time="2023-08-26T17:30:11+03:00" level=info msg=start func="main.main()" file="app.go:34"
time="2023-08-26T17:30:11+03:00" level=info msg="listen tcp socket" func="main.start()" file="app.go:58"
time="2023-08-26T17:30:11+03:00" level=info msg="server is listening port 0.0.0.0:8080" func="main.start()" file="app.go:70"
time="2023-08-27T09:22:40+03:00" level=info msg="create router" func="main.main()" file="app.go:25"
time="2023-08-27T09:22:40+03:00" level=info msg="read application configuration" func="rest-api-learning/internal/config.GetConfig.func1()" file="config.go:27"
time="2023-08-27T09:22:40+03:00" level=info msg="create handler" func="main.main()" file="app.go:30"
time="2023-08-27T09:22:40+03:00" level=info msg=start func="main.main()" file="app.go:34"
time="2023-08-27T09:22:40+03:00" level=info msg="create socket" func="main.start()" file="app.go:49"
time="2023-08-27T09:22:40+03:00" level=debug msg="socket path: C:\\Users\\maxim\\GolandProjects\\rest-api-learning\\build/app.sock" func="main.start()" file="app.go:51"
time="2023-08-27T09:22:40+03:00" level=info msg="listen unix socket" func="main.start()" file="app.go:53"
time="2023-08-27T09:22:40+03:00" level=info msg="server is listening port :" func="main.start()" file="app.go:70"
time="2023-08-27T09:24:16+03:00" level=info msg="create router" func="main.main()" file="app.go:25"
time="2023-08-27T09:24:16+03:00" level=info msg="read application configuration" func="rest-api-learning/internal/config.GetConfig.func1()" file="config.go:27"
time="2023-08-27T09:24:16+03:00" level=info msg="create handler" func="main.main()" file="app.go:30"
time="2023-08-27T09:24:16+03:00" level=info msg=start func="main.main()" file="app.go:34"
time="2023-08-27T09:24:16+03:00" level=info msg="create socket" func="main.start()" file="app.go:49"
time="2023-08-27T09:24:16+03:00" level=debug msg="socket path: C:\\Users\\maxim\\GolandProjects\\rest-api-learning\\build/app.sock" func="main.start()" file="app.go:51"
time="2023-08-27T09:24:16+03:00" level=info msg="listen unix socket" func="main.start()" file="app.go:53"
time="2023-08-27T09:24:16+03:00" level=info msg="server is listening unix socket C:\\Users\\maxim\\GolandProjects\\rest-api-learning\\build/app.sock" func="main.start()" file="app.go:55"
time="2023-08-27T09:24:16+03:00" level=fatal msg="listen unix C:\\Users\\maxim\\GolandProjects\\rest-api-learning\\build/app.sock: bind: Only one usage of each socket address (protocol/network address/port) is normally permitted." func="main.start()" file="app.go:65"
time="2023-08-27T09:25:58+03:00" level=info msg="create router" func="main.main()" file="app.go:25"
time="2023-08-27T09:25:58+03:00" level=info msg="read application configuration" func="rest-api-learning/internal/config.GetConfig.func1()" file="config.go:27"
time="2023-08-27T09:25:58+03:00" level=info msg="create handler" func="main.main()" file="app.go:30"
time="2023-08-27T09:25:58+03:00" level=info msg=start func="main.main()" file="app.go:34"
time="2023-08-27T09:25:58+03:00" level=info msg="create socket" func="main.start()" file="app.go:49"
time="2023-08-27T09:25:58+03:00" level=debug msg="socket path: C:\\Users\\maxim\\GolandProjects\\rest-api-learning\\build/app.sock" func="main.start()" file="app.go:51"
time="2023-08-27T09:25:58+03:00" level=info msg="listen unix socket" func="main.start()" file="app.go:53"
time="2023-08-27T09:25:58+03:00" level=info msg="server is listening unix socket C:\\Users\\maxim\\GolandProjects\\rest-api-learning\\build/app.sock" func="main.start()" file="app.go:55"
time="2023-08-27T09:25:58+03:00" level=fatal msg="listen unix C:\\Users\\maxim\\GolandProjects\\rest-api-learning\\build/app.sock: bind: Only one usage of each socket address (protocol/network address/port) is normally permitted." func="main.start()" file="app.go:65"
time="2023-08-27T09:30:01+03:00" level=info msg="create router" func="main.main()" file="app.go:25"
time="2023-08-27T09:30:01+03:00" level=info msg="read application configuration" func="rest-api-learning/internal/config.GetConfig.func1()" file="config.go:27"
time="2023-08-27T09:30:01+03:00" level=info msg="create handler" func="main.main()" file="app.go:30"
time="2023-08-27T09:30:01+03:00" level=info msg=start func="main.main()" file="app.go:34"
time="2023-08-27T09:30:01+03:00" level=info msg="create socket" func="main.start()" file="app.go:49"
time="2023-08-27T09:30:01+03:00" level=debug msg="socket path: C:\\Users\\maxim\\GolandProjects\\rest-api-learning\\build/app.sock" func="main.start()" file="app.go:51"
time="2023-08-27T09:30:01+03:00" level=info msg="listen unix socket" func="main.start()" file="app.go:53"
time="2023-08-27T09:30:01+03:00" level=info msg="server is listening unix socket C:\\Users\\maxim\\GolandProjects\\rest-api-learning\\build/app.sock" func="main.start()" file="app.go:55"
time="2023-08-27T09:30:01+03:00" level=fatal msg="listen unix C:\\Users\\maxim\\GolandProjects\\rest-api-learning\\build/app.sock: bind: Only one usage of each socket address (protocol/network address/port) is normally permitted." func="main.start()" file="app.go:65"
time="2023-08-27T09:32:42+03:00" level=info msg="create router" func="main.main()" file="app.go:25"
time="2023-08-27T09:32:42+03:00" level=info msg="read application configuration" func="rest-api-learning/internal/config.GetConfig.func1()" file="config.go:27"
time="2023-08-27T09:32:42+03:00" level=info msg="create handler" func="main.main()" file="app.go:30"
time="2023-08-27T09:32:42+03:00" level=info msg=start func="main.main()" file="app.go:34"
time="2023-08-27T09:32:42+03:00" level=info msg="create socket" func="main.start()" file="app.go:49"
time="2023-08-27T09:32:42+03:00" level=debug msg="socket path: C:\\Users\\maxim\\GolandProjects\\rest-api-learning\\build/app.sock" func="main.start()" file="app.go:51"
time="2023-08-27T09:32:42+03:00" level=info msg="listen unix socket" func="main.start()" file="app.go:53"
time="2023-08-27T09:32:42+03:00" level=info msg="server is listening unix socket C:\\Users\\maxim\\GolandProjects\\rest-api-learning\\build/app.sock" func="main.start()" file="app.go:55"
time="2023-08-27T17:35:59+03:00" level=info msg="create router" func="main.main()" file="app.go:25"
time="2023-08-27T17:35:59+03:00" level=info msg="read application configuration" func="rest-api-learning/internal/config.GetConfig.func1()" file="config.go:27"
time="2023-08-27T17:35:59+03:00" level=info msg="create handler" func="main.main()" file="app.go:30"
time="2023-08-27T17:35:59+03:00" level=info msg=start func="main.main()" file="app.go:34"
time="2023-08-27T17:35:59+03:00" level=info msg="create socket" func="main.start()" file="app.go:49"
time="2023-08-27T17:35:59+03:00" level=debug msg="socket path: C:\\Users\\maxim\\GolandProjects\\rest-api-learning\\build/app.sock" func="main.start()" file="app.go:51"
time="2023-08-27T17:35:59+03:00" level=info msg="listen unix socket" func="main.start()" file="app.go:53"
time="2023-08-27T17:35:59+03:00" level=info msg="server is listening unix socket C:\\Users\\maxim\\GolandProjects\\rest-api-learning\\build/app.sock" func="main.start()" file="app.go:55"
time="2023-08-29T19:42:29+03:00" level=info msg="create router" func="main.main()" file="app.go:28"
time="2023-08-29T19:42:29+03:00" level=info msg="read application configuration" func="rest-api-learning/internal/config.GetConfig.func1()" file="config.go:37"
